2021-03-11 10:35:37.101  WARN 2251 --- [main] o.s.boot.StartupInfoLogger               : InetAddress.getLocalHost().getHostName() took 5004 milliseconds to respond. Please verify your network configuration (macOS machines may need to add entries to /etc/hosts).
2021-03-11 10:35:37.600  WARN 2277 --- [main] o.s.boot.StartupInfoLogger               : InetAddress.getLocalHost().getHostName() took 5004 milliseconds to respond. Please verify your network configuration (macOS machines may need to add entries to /etc/hosts).
2021-03-11 10:35:42.107  INFO 2251 --- [main] c.h.a.c.CustomScannersServiceApplication : Starting CustomScannersServiceApplication on Matheuss-MacBook-Pro.local with PID 2251 (/Users/matheus.cardosoibm.com/.vscode/extensions/hcltechnologies.hclappscancodesweep-1.1.3/lib/custom-scanners-service-1.0.10.jar started by matheus.cardosoibm.com in /Users/matheus.cardosoibm.com/Desktop/library-api)
2021-03-11 10:35:42.108  INFO 2251 --- [main] c.h.a.c.CustomScannersServiceApplication : No active profile set, falling back to default profiles: default
2021-03-11 10:35:42.606  INFO 2277 --- [main] c.h.a.c.CustomScannersServiceApplication : Starting CustomScannersServiceApplication on Matheuss-MacBook-Pro.local with PID 2277 (/Users/matheus.cardosoibm.com/.vscode/extensions/hcltechnologies.hclappscancodesweep-1.1.3/lib/custom-scanners-service-1.0.10.jar started by matheus.cardosoibm.com in /Users/matheus.cardosoibm.com/Desktop/library-api)
2021-03-11 10:35:42.606  INFO 2277 --- [main] c.h.a.c.CustomScannersServiceApplication : No active profile set, falling back to default profiles: default
2021-03-11 10:35:43.843  INFO 2251 --- [main] o.s.b.w.embedded.tomcat.TomcatWebServer  : Tomcat initialized with port(s): 9221 (http)
2021-03-11 10:35:43.862  INFO 2251 --- [main] o.apache.catalina.core.StandardService   : Starting service [Tomcat]
2021-03-11 10:35:43.862  INFO 2251 --- [main] org.apache.catalina.core.StandardEngine  : Starting Servlet engine: [Apache Tomcat/9.0.29]
2021-03-11 10:35:43.965  INFO 2251 --- [main] o.a.c.c.C.[Tomcat].[localhost].[/]       : Initializing Spring embedded WebApplicationContext
2021-03-11 10:35:43.966 DEBUG 2251 --- [main] o.s.web.context.ContextLoader            : Published root WebApplicationContext as ServletContext attribute with name [org.springframework.web.context.WebApplicationContext.ROOT]
2021-03-11 10:35:43.969  INFO 2251 --- [main] o.s.web.context.ContextLoader            : Root WebApplicationContext: initialization completed in 1787 ms
2021-03-11 10:35:44.165 DEBUG 2251 --- [main] o.s.b.w.s.ServletContextInitializerBeans : Mapping filters: filterRegistrationBean urls=[/*] order=-2147483647, characterEncodingFilter urls=[/*] order=-2147483648, formContentFilter urls=[/*] order=-9900, requestContextFilter urls=[/*] order=-105
2021-03-11 10:35:44.165 DEBUG 2251 --- [main] o.s.b.w.s.ServletContextInitializerBeans : Mapping servlets: dispatcherServlet urls=[/]
2021-03-11 10:35:44.318  INFO 2277 --- [main] o.s.b.w.embedded.tomcat.TomcatWebServer  : Tomcat initialized with port(s): 9221 (http)
2021-03-11 10:35:44.337  INFO 2277 --- [main] o.apache.catalina.core.StandardService   : Starting service [Tomcat]
2021-03-11 10:35:44.337  INFO 2277 --- [main] org.apache.catalina.core.StandardEngine  : Starting Servlet engine: [Apache Tomcat/9.0.29]
2021-03-11 10:35:44.434  INFO 2277 --- [main] o.a.c.c.C.[Tomcat].[localhost].[/]       : Initializing Spring embedded WebApplicationContext
2021-03-11 10:35:44.435 DEBUG 2277 --- [main] o.s.web.context.ContextLoader            : Published root WebApplicationContext as ServletContext attribute with name [org.springframework.web.context.WebApplicationContext.ROOT]
2021-03-11 10:35:44.438  INFO 2277 --- [main] o.s.web.context.ContextLoader            : Root WebApplicationContext: initialization completed in 1789 ms
2021-03-11 10:35:44.644 DEBUG 2277 --- [main] o.s.b.w.s.ServletContextInitializerBeans : Mapping filters: filterRegistrationBean urls=[/*] order=-2147483647, characterEncodingFilter urls=[/*] order=-2147483648, formContentFilter urls=[/*] order=-9900, requestContextFilter urls=[/*] order=-105
2021-03-11 10:35:44.645 DEBUG 2277 --- [main] o.s.b.w.s.ServletContextInitializerBeans : Mapping servlets: dispatcherServlet urls=[/]
2021-03-11 10:35:46.029 DEBUG 2251 --- [main] s.w.s.m.m.a.RequestMappingHandlerMapping : 19 mappings in 'requestMappingHandlerMapping'
2021-03-11 10:35:46.097  INFO 2251 --- [main] o.s.b.a.e.web.EndpointLinksResolver      : Exposing 2 endpoint(s) beneath base path '/actuator'
2021-03-11 10:35:46.215  INFO 2251 --- [main] pertySourcedRequestMappingHandlerMapping : Mapped URL path [/v2/api-docs] onto method [springfox.documentation.swagger2.web.Swagger2Controller#getDocumentation(String, HttpServletRequest)]
2021-03-11 10:35:46.268 DEBUG 2277 --- [main] s.w.s.m.m.a.RequestMappingHandlerMapping : 19 mappings in 'requestMappingHandlerMapping'
2021-03-11 10:35:46.323  INFO 2277 --- [main] o.s.b.a.e.web.EndpointLinksResolver      : Exposing 2 endpoint(s) beneath base path '/actuator'
2021-03-11 10:35:46.325  INFO 2251 --- [main] o.s.s.concurrent.ThreadPoolTaskExecutor  : Initializing ExecutorService 'applicationTaskExecutor'
2021-03-11 10:35:46.372 DEBUG 2251 --- [main] s.w.s.m.m.a.RequestMappingHandlerAdapter : ControllerAdvice beans: 0 @ModelAttribute, 0 @InitBinder, 1 RequestBodyAdvice, 1 ResponseBodyAdvice
2021-03-11 10:35:46.426  INFO 2277 --- [main] pertySourcedRequestMappingHandlerMapping : Mapped URL path [/v2/api-docs] onto method [springfox.documentation.swagger2.web.Swagger2Controller#getDocumentation(String, HttpServletRequest)]
2021-03-11 10:35:46.537  INFO 2277 --- [main] o.s.s.concurrent.ThreadPoolTaskExecutor  : Initializing ExecutorService 'applicationTaskExecutor'
2021-03-11 10:35:46.570 DEBUG 2277 --- [main] s.w.s.m.m.a.RequestMappingHandlerAdapter : ControllerAdvice beans: 0 @ModelAttribute, 0 @InitBinder, 1 RequestBodyAdvice, 1 ResponseBodyAdvice
2021-03-11 10:35:46.570 DEBUG 2251 --- [main] o.s.w.s.handler.SimpleUrlHandlerMapping  : Patterns [/webjars/**, /**] in 'resourceHandlerMapping'
2021-03-11 10:35:46.586 DEBUG 2251 --- [main] .m.m.a.ExceptionHandlerExceptionResolver : ControllerAdvice beans: 1 @ExceptionHandler, 1 ResponseBodyAdvice
2021-03-11 10:35:46.678  INFO 2251 --- [main] d.s.w.p.DocumentationPluginsBootstrapper : Context refreshed
2021-03-11 10:35:46.716  INFO 2251 --- [main] d.s.w.p.DocumentationPluginsBootstrapper : Found 1 custom documentation plugin(s)
2021-03-11 10:35:46.758 DEBUG 2277 --- [main] o.s.w.s.handler.SimpleUrlHandlerMapping  : Patterns [/webjars/**, /**] in 'resourceHandlerMapping'
2021-03-11 10:35:46.769  INFO 2251 --- [main] s.d.s.w.s.ApiListingReferenceScanner     : Scanning for api listing references
2021-03-11 10:35:46.771 DEBUG 2277 --- [main] .m.m.a.ExceptionHandlerExceptionResolver : ControllerAdvice beans: 1 @ExceptionHandler, 1 ResponseBodyAdvice
2021-03-11 10:35:46.847  INFO 2277 --- [main] d.s.w.p.DocumentationPluginsBootstrapper : Context refreshed
2021-03-11 10:35:46.883  INFO 2277 --- [main] d.s.w.p.DocumentationPluginsBootstrapper : Found 1 custom documentation plugin(s)
2021-03-11 10:35:46.936  INFO 2277 --- [main] s.d.s.w.s.ApiListingReferenceScanner     : Scanning for api listing references
2021-03-11 10:35:47.151  INFO 2251 --- [main] o.s.b.w.embedded.tomcat.TomcatWebServer  : Tomcat started on port(s): 9221 (http) with context path ''
2021-03-11 10:35:47.156  INFO 2251 --- [main] c.h.a.c.CustomScannersServiceApplication : Started CustomScannersServiceApplication in 20.692 seconds (JVM running for 21.636)
2021-03-11 10:35:47.270  INFO 2277 --- [main] o.apache.catalina.core.StandardService   : Stopping service [Tomcat]
2021-03-11 10:35:47.277  INFO 2251 --- [http-nio-9221-exec-1] o.a.c.c.C.[Tomcat].[localhost].[/]       : Initializing Spring DispatcherServlet 'dispatcherServlet'
2021-03-11 10:35:47.278  INFO 2251 --- [http-nio-9221-exec-1] o.s.web.servlet.DispatcherServlet        : Initializing Servlet 'dispatcherServlet'
2021-03-11 10:35:47.279 DEBUG 2251 --- [http-nio-9221-exec-1] o.s.web.servlet.DispatcherServlet        : Detected StandardServletMultipartResolver
2021-03-11 10:35:47.280  INFO 2277 --- [main] ConditionEvaluationReportLoggingListener : 

Error starting ApplicationContext. To display the conditions report re-run your application with 'debug' enabled.
2021-03-11 10:35:47.282 ERROR 2277 --- [main] o.s.b.d.LoggingFailureAnalysisReporter   : 

***************************
APPLICATION FAILED TO START
***************************

Description:

Web server failed to start. Port 9221 was already in use.

Action:

Identify and stop the process that's listening on port 9221 or configure this application to listen on another port.

2021-03-11 10:35:47.286  INFO 2277 --- [main] o.s.s.concurrent.ThreadPoolTaskExecutor  : Shutting down ExecutorService 'applicationTaskExecutor'
2021-03-11 10:35:47.290 DEBUG 2251 --- [http-nio-9221-exec-1] o.s.web.servlet.DispatcherServlet        : enableLoggingRequestDetails='false': request parameters and headers will be masked to prevent unsafe logging of potentially sensitive data
2021-03-11 10:35:47.290  INFO 2251 --- [http-nio-9221-exec-1] o.s.web.servlet.DispatcherServlet        : Completed initialization in 11 ms
2021-03-11 10:35:47.305 DEBUG 2251 --- [http-nio-9221-exec-2] o.s.web.servlet.DispatcherServlet        : GET "/v1/scanRules", parameters={}
2021-03-11 10:35:47.306 DEBUG 2251 --- [http-nio-9221-exec-1] o.s.web.servlet.DispatcherServlet        : POST "/v1/asoc/login", parameters={}
2021-03-11 10:35:47.314 DEBUG 2251 --- [http-nio-9221-exec-2] s.w.s.m.m.a.RequestMappingHandlerMapping : Mapped to com.hcl.appscan.customscannersservice.controller.CustomScannersController#getScanRules(String[])
2021-03-11 10:35:47.314 DEBUG 2251 --- [http-nio-9221-exec-1] s.w.s.m.m.a.RequestMappingHandlerMapping : Mapped to com.hcl.appscan.customscannersservice.controller.CustomScannersController#asocLogin(AsocCreds)
2021-03-11 10:35:47.348 DEBUG 2251 --- [http-nio-9221-exec-2] o.s.w.s.m.m.a.HttpEntityMethodProcessor  : Using 'application/json', given [application/json] and supported [application/json]
2021-03-11 10:35:47.361 DEBUG 2251 --- [http-nio-9221-exec-2] o.s.w.s.m.m.a.HttpEntityMethodProcessor  : Writing [{Golang={com.ouncelabs.languagelite.golang.rules.CommMisconfig=CustomScannersServiceScanRule{ruleNam (truncated)...]
2021-03-11 10:35:47.401 DEBUG 2251 --- [http-nio-9221-exec-1] m.m.a.RequestResponseBodyMethodProcessor : Read "application/json;charset=UTF-8" to [com.hcl.appscan.customscannersservice.asoc.AsocCreds@19a4d6d0]
2021-03-11 10:35:47.408 DEBUG 2251 --- [http-nio-9221-exec-2] o.s.web.servlet.DispatcherServlet        : Completed 200 OK
2021-03-11 10:35:49.545 DEBUG 2251 --- [http-nio-9221-exec-1] o.s.w.s.m.m.a.HttpEntityMethodProcessor  : No match for [*/*], supported: []
2021-03-11 10:35:49.545 DEBUG 2251 --- [http-nio-9221-exec-1] o.s.web.servlet.DispatcherServlet        : Completed 200 OK
